Fri, 11 Sep 2020 13:29:20 GMT | ERROR  | HTTP 404: ask for:  http://localhost:3000/todos
Fri, 11 Sep 2020 13:35:48 GMT | ERROR  | HTTP 404: ask for:  http://localhost:3000/api/v1/todo/done/5f5b7a005bf4081c4cbbb281
Fri, 11 Sep 2020 14:15:52 GMT | ERROR  | HTTP 404: ask for:  http://localhost:3000/api/v1/resource?type=null&description=test
Fri, 11 Sep 2020 14:17:11 GMT | ERROR  | HTTP 404: ask for:  http://localhost:3000/api/v1/resource?type=null&description=test
Fri, 11 Sep 2020 15:16:55 GMT | ERROR  | HTTP 404: ask for:  http://localhost:3000/api/v1/ressource?type=Room&description=C215
Fri, 11 Sep 2020 15:17:23 GMT | ERROR  | HTTP 404: ask for:  http://localhost:3000/api/v1/ressource?type=Room&description=C215
Fri, 11 Sep 2020 15:19:36 GMT | ERROR  | HTTP 404: ask for:  http://localhost:3000/api/v1/ressource
Mon, 14 Sep 2020 12:45:26 GMT | ERROR  | HTTP 404: ask for:  http://localhost:3000/api/v1/pizza
Mon, 14 Sep 2020 12:55:02 GMT | ERROR  | HTTP 404: ask for:  http://localhost:3000/api/v1/pizza/5f5f66f6eb28341a1ce0b963
Mon, 14 Sep 2020 13:59:38 GMT | ERROR  | HTTP 404: ask for:  http://localhost:3000/api/v1/pizza/5f5f66f6eb28341a1ce0b963
Mon, 14 Sep 2020 15:26:16 GMT | ERROR  | HTTP 404: ask for:  http://localhost:3000/api/v1/client
Wed, 30 Sep 2020 06:03:56 GMT | ERROR  | HTTP 404: ask for:  http://localhost:3000/api/v1/deleteIngredient/5f5f8bcdf6f67c1fac32186b
Wed, 30 Sep 2020 06:04:48 GMT | ERROR  | HTTP 404: ask for:  http://localhost:3000/api/v1/deleteIngredient/5f5f8bcdf6f67c1fac32186b
Wed, 30 Sep 2020 06:05:08 GMT | ERROR  | HTTP 404: ask for:  http://localhost:3000/api/v1/deleteIngredient/5f5f8bcdf6f67c1fac32186b
Wed, 30 Sep 2020 06:07:13 GMT | ERROR  | HTTP 404: ask for:  http://localhost:3000/api/v1/deleteIngredient/
Wed, 30 Sep 2020 06:11:12 GMT | ERROR  | HTTP 404: ask for:  http://localhost:3000/api/v1/deleteIngredient/5f5f67b5c849e5298c8208ec
Wed, 30 Sep 2020 06:28:52 GMT | ERROR  | HTTP 404: ask for:  http://localhost:3000/api/v1/deleteIngredient/5f5f67b5c849e5298c8208ec
Wed, 30 Sep 2020 06:29:33 GMT | ERROR  | HTTP 404: ask for:  http://localhost:3000/api/v1/ingredient?Bio=true&Nom=Champignon
Wed, 30 Sep 2020 06:40:40 GMT | ERROR  | HTTP 404: ask for:  http://localhost:3000/api/v1/updatePizza/5f5f66f6eb28341a1ce0b963
Wed, 30 Sep 2020 06:41:38 GMT | ERROR  | HTTP 404: ask for:  http://localhost:3000/api/v1/updatePizza/5f5f66f6eb28341a1ce0b963
Wed, 30 Sep 2020 06:42:20 GMT | ERROR  | HTTP 404: ask for:  http://localhost:3000/api/v1/updatePizza/5f5f66f6eb28341a1ce0b963
Wed, 30 Sep 2020 06:42:51 GMT | ERROR  | HTTP 404: ask for:  http://localhost:3000/api/v1/updatePizza/5f5f66f6eb28341a1ce0b963
Wed, 30 Sep 2020 06:46:48 GMT | ERROR  | HTTP 404: ask for:  http://localhost:3000/api/v1/updatePizza/5f5f66f6eb28341a1ce0b963
Wed, 30 Sep 2020 06:52:34 GMT | ERROR  | HTTP 404: ask for:  http://localhost:3000/api/v1/addIngedient/5f5f66f6eb28341a1ce0b963?Ingredient=5f7425db84e01b265c61eed9&Ingredient=5f5f7ec788fbcc15c8223d2d
Wed, 30 Sep 2020 06:52:38 GMT | ERROR  | HTTP 404: ask for:  http://localhost:3000/api/v1/addIngedient/5f5f66f6eb28341a1ce0b963?Ingredient=5f7425db84e01b265c61eed9
Wed, 30 Sep 2020 09:49:58 GMT | ERROR  | HTTP 404: ask for:  http://localhost:3000/api/v1/deleteIngredients/5f7443b0e06e2e40345d62c1
Wed, 30 Sep 2020 09:52:49 GMT | ERROR  | HTTP 404: ask for:  http://localhost:3000/api/v1/deleteIngredients/5f7443b0e06e2e40345d62c1
Wed, 30 Sep 2020 09:53:51 GMT | ERROR  | HTTP 404: ask for:  http://localhost:3000/api/v1/deleteIngredients/5f7443b0e06e2e40345d62c1
Wed, 30 Sep 2020 09:54:54 GMT | ERROR  | HTTP 404: ask for:  http://localhost:3000/api/v1/deleteIngredients/5f7443b0e06e2e40345d62c1
Thu, 01 Oct 2020 12:54:33 GMT | ERROR  | HTTP 404: ask for:  http://localhost:3000/api/v1/createCommande
Thu, 01 Oct 2020 12:55:17 GMT | ERROR  | HTTP 404: ask for:  http://localhost:3000/api/v1/createCommande
Thu, 01 Oct 2020 12:56:21 GMT | ERROR  | HTTP 404: ask for:  http://localhost:3000/api/v1/createCommande
Thu, 01 Oct 2020 12:57:02 GMT | ERROR  | HTTP 404: ask for:  http://localhost:3000/api/v1/createCommande
Thu, 01 Oct 2020 12:57:05 GMT | ERROR  | HTTP 404: ask for:  http://localhost:3000/api/v1/createCommande
Thu, 01 Oct 2020 12:57:10 GMT | ERROR  | HTTP 404: ask for:  http://localhost:3000/api/v1/createCommande
Thu, 01 Oct 2020 13:09:20 GMT | ERROR  | HTTP 404: ask for:  http://localhost:3000/api/v1/Commandes
Thu, 01 Oct 2020 13:10:09 GMT | ERROR  | HTTP 404: ask for:  http://localhost:3000/api/v1/createCommande
Thu, 01 Oct 2020 13:21:35 GMT | ERROR  | HTTP 404: ask for:  http://localhost:3000/api/v1/createCommande
Thu, 01 Oct 2020 13:22:49 GMT | ERROR  | HTTP 404: ask for:  http://localhost:3000/api/v1/createCommande
