Fri, 11 Sep 2020 11:32:43 GMT | INFO  | Server is running on port: 3000
Fri, 11 Sep 2020 11:33:33 GMT | INFO  | Server is running on port: 3000
Fri, 11 Sep 2020 11:36:19 GMT | INFO  | Server is running on port: 3000
Fri, 11 Sep 2020 11:36:19 GMT | INFO  | Connected to database
Fri, 11 Sep 2020 11:45:35 GMT | INFO  | Server is running on port: 3000
Fri, 11 Sep 2020 11:45:35 GMT | INFO  | Connected to database
Fri, 11 Sep 2020 11:54:15 GMT | INFO  | Server is running on port: 3000
Fri, 11 Sep 2020 11:54:15 GMT | INFO  | Connected to database
Fri, 11 Sep 2020 12:04:58 GMT | INFO  | Server is running on port: 3000
Fri, 11 Sep 2020 12:04:58 GMT | INFO  | Connected to database
Fri, 11 Sep 2020 12:15:49 GMT | INFO  | Server is running on port: 3000
Fri, 11 Sep 2020 12:15:49 GMT | INFO  | Connected to database
Fri, 11 Sep 2020 12:34:21 GMT | INFO  | Server is running on port: 3000
Fri, 11 Sep 2020 12:34:21 GMT | INFO  | Connected to database
Fri, 11 Sep 2020 12:44:26 GMT | INFO  | Server is running on port: 3000
Fri, 11 Sep 2020 12:44:26 GMT | INFO  | Connected to database
Fri, 11 Sep 2020 12:49:07 GMT | INFO  | Server is running on port: 3000
Fri, 11 Sep 2020 12:49:07 GMT | INFO  | Connected to database
Fri, 11 Sep 2020 13:13:39 GMT | INFO  | Server is running on port: 3000
Fri, 11 Sep 2020 13:13:39 GMT | INFO  | Connected to database
Fri, 11 Sep 2020 13:28:42 GMT | INFO  | Server is running on port: 3000
Fri, 11 Sep 2020 13:28:42 GMT | INFO  | Connected to database
Fri, 11 Sep 2020 14:12:35 GMT | INFO  | Server is running on port: 3000
Fri, 11 Sep 2020 14:12:35 GMT | INFO  | Connected to database
Fri, 11 Sep 2020 14:16:56 GMT | INFO  | Server is running on port: 3000
Fri, 11 Sep 2020 14:16:56 GMT | INFO  | Connected to database
Fri, 11 Sep 2020 14:17:07 GMT | INFO  | Server is running on port: 3000
Fri, 11 Sep 2020 14:17:07 GMT | INFO  | Connected to database
Fri, 11 Sep 2020 14:17:30 GMT | INFO  | Server is running on port: 3000
Fri, 11 Sep 2020 14:17:30 GMT | INFO  | Connected to database
Fri, 11 Sep 2020 14:17:39 GMT | INFO  | Server is running on port: 3000
Fri, 11 Sep 2020 14:17:39 GMT | INFO  | Connected to database
Fri, 11 Sep 2020 15:14:33 GMT | INFO  | Server is running on port: 3000
Fri, 11 Sep 2020 15:14:33 GMT | INFO  | Connected to database
Fri, 11 Sep 2020 15:19:18 GMT | INFO  | Server is running on port: 3000
Fri, 11 Sep 2020 15:19:18 GMT | INFO  | Connected to database
Fri, 11 Sep 2020 15:23:53 GMT | INFO  | Server is running on port: 3000
Fri, 11 Sep 2020 15:23:53 GMT | INFO  | Connected to database
Mon, 14 Sep 2020 12:39:08 GMT | INFO  | Server is running on port: 3000
Mon, 14 Sep 2020 12:39:08 GMT | INFO  | Connected to database
Mon, 14 Sep 2020 12:43:03 GMT | INFO  | Server is running on port: 3000
Mon, 14 Sep 2020 12:43:03 GMT | INFO  | Connected to database
Mon, 14 Sep 2020 12:48:49 GMT | INFO  | Server is running on port: 3000
Mon, 14 Sep 2020 12:48:49 GMT | INFO  | Connected to database
Mon, 14 Sep 2020 12:49:50 GMT | INFO  | Server is running on port: 3000
Mon, 14 Sep 2020 12:49:50 GMT | INFO  | Connected to database
Mon, 14 Sep 2020 12:50:45 GMT | INFO  | Server is running on port: 3000
Mon, 14 Sep 2020 12:50:45 GMT | INFO  | Connected to database
Mon, 14 Sep 2020 12:52:59 GMT | INFO  | Server is running on port: 3000
Mon, 14 Sep 2020 12:53:00 GMT | INFO  | Connected to database
Mon, 14 Sep 2020 13:41:48 GMT | INFO  | Server is running on port: 3000
Mon, 14 Sep 2020 13:41:48 GMT | INFO  | Connected to database
Mon, 14 Sep 2020 13:59:27 GMT | INFO  | Server is running on port: 3000
Mon, 14 Sep 2020 13:59:27 GMT | INFO  | Connected to database
Mon, 14 Sep 2020 13:59:34 GMT | INFO  | Server is running on port: 3000
Mon, 14 Sep 2020 13:59:34 GMT | INFO  | Connected to database
Mon, 14 Sep 2020 14:01:01 GMT | INFO  | Server is running on port: 3000
Mon, 14 Sep 2020 14:01:01 GMT | INFO  | Connected to database
Mon, 14 Sep 2020 14:01:53 GMT | INFO  | Server is running on port: 3000
Mon, 14 Sep 2020 14:01:53 GMT | INFO  | Connected to database
Mon, 14 Sep 2020 14:02:38 GMT | INFO  | Server is running on port: 3000
Mon, 14 Sep 2020 14:02:38 GMT | INFO  | Connected to database
Mon, 14 Sep 2020 14:04:15 GMT | INFO  | Server is running on port: 3000
Mon, 14 Sep 2020 14:04:16 GMT | INFO  | Connected to database
Mon, 14 Sep 2020 14:04:38 GMT | INFO  | Server is running on port: 3000
Mon, 14 Sep 2020 14:04:38 GMT | INFO  | Connected to database
Mon, 14 Sep 2020 14:04:40 GMT | INFO  | Server is running on port: 3000
Mon, 14 Sep 2020 14:04:40 GMT | INFO  | Connected to database
Mon, 14 Sep 2020 14:04:42 GMT | INFO  | Server is running on port: 3000
Mon, 14 Sep 2020 14:04:42 GMT | INFO  | Connected to database
Mon, 14 Sep 2020 14:04:44 GMT | INFO  | Server is running on port: 3000
Mon, 14 Sep 2020 14:04:44 GMT | INFO  | Connected to database
Mon, 14 Sep 2020 14:04:47 GMT | INFO  | Server is running on port: 3000
Mon, 14 Sep 2020 14:04:47 GMT | INFO  | Connected to database
Mon, 14 Sep 2020 14:04:49 GMT | INFO  | Server is running on port: 3000
Mon, 14 Sep 2020 14:04:49 GMT | INFO  | Connected to database
Mon, 14 Sep 2020 14:04:52 GMT | INFO  | Server is running on port: 3000
Mon, 14 Sep 2020 14:04:52 GMT | INFO  | Connected to database
Mon, 14 Sep 2020 14:05:49 GMT | INFO  | Server is running on port: 3000
Mon, 14 Sep 2020 14:05:49 GMT | INFO  | Connected to database
Mon, 14 Sep 2020 14:08:42 GMT | INFO  | Server is running on port: 3000
Mon, 14 Sep 2020 14:08:42 GMT | INFO  | Connected to database
Mon, 14 Sep 2020 14:09:53 GMT | INFO  | Server is running on port: 3000
Mon, 14 Sep 2020 14:09:53 GMT | INFO  | Connected to database
Mon, 14 Sep 2020 14:19:04 GMT | INFO  | Server is running on port: 3000
Mon, 14 Sep 2020 14:19:04 GMT | INFO  | Connected to database
Mon, 14 Sep 2020 14:23:05 GMT | INFO  | Server is running on port: 3000
Mon, 14 Sep 2020 14:23:05 GMT | INFO  | Connected to database
Mon, 14 Sep 2020 14:42:05 GMT | INFO  | Server is running on port: 3000
Mon, 14 Sep 2020 14:42:05 GMT | INFO  | Connected to database
Mon, 14 Sep 2020 14:45:22 GMT | INFO  | Server is running on port: 3000
Mon, 14 Sep 2020 14:45:22 GMT | INFO  | Connected to database
Mon, 14 Sep 2020 15:13:38 GMT | INFO  | Server is running on port: 3000
Mon, 14 Sep 2020 15:13:38 GMT | INFO  | Connected to database
Mon, 14 Sep 2020 15:13:45 GMT | INFO  | Server is running on port: 3000
Mon, 14 Sep 2020 15:13:45 GMT | INFO  | Connected to database
Mon, 14 Sep 2020 15:13:54 GMT | INFO  | Server is running on port: 3000
Mon, 14 Sep 2020 15:13:54 GMT | INFO  | Connected to database
Mon, 14 Sep 2020 15:14:06 GMT | INFO  | Server is running on port: 3000
Mon, 14 Sep 2020 15:14:06 GMT | INFO  | Connected to database
Mon, 14 Sep 2020 15:14:23 GMT | INFO  | Server is running on port: 3000
Mon, 14 Sep 2020 15:14:23 GMT | INFO  | Connected to database
Mon, 14 Sep 2020 15:14:29 GMT | INFO  | Server is running on port: 3000
Mon, 14 Sep 2020 15:14:29 GMT | INFO  | Connected to database
Mon, 14 Sep 2020 15:19:58 GMT | INFO  | Server is running on port: 3000
Mon, 14 Sep 2020 15:19:58 GMT | INFO  | Connected to database
Mon, 14 Sep 2020 15:23:32 GMT | INFO  | Server is running on port: 3000
Mon, 14 Sep 2020 15:23:32 GMT | INFO  | Connected to database
Mon, 14 Sep 2020 15:26:41 GMT | INFO  | Server is running on port: 3000
Mon, 14 Sep 2020 15:26:41 GMT | INFO  | Connected to database
Mon, 14 Sep 2020 15:27:06 GMT | INFO  | Server is running on port: 3000
Mon, 14 Sep 2020 15:27:06 GMT | INFO  | Connected to database
Mon, 14 Sep 2020 15:28:39 GMT | INFO  | Server is running on port: 3000
Mon, 14 Sep 2020 15:28:39 GMT | INFO  | Connected to database
Mon, 14 Sep 2020 15:29:31 GMT | INFO  | Server is running on port: 3000
Mon, 14 Sep 2020 15:29:31 GMT | INFO  | Connected to database
Mon, 14 Sep 2020 15:29:59 GMT | INFO  | Server is running on port: 3000
Mon, 14 Sep 2020 15:29:59 GMT | INFO  | Connected to database
Mon, 14 Sep 2020 15:30:25 GMT | INFO  | Server is running on port: 3000
Mon, 14 Sep 2020 15:30:25 GMT | INFO  | Connected to database
Mon, 14 Sep 2020 15:30:30 GMT | INFO  | Server is running on port: 3000
Mon, 14 Sep 2020 15:30:30 GMT | INFO  | Connected to database
Wed, 30 Sep 2020 06:01:03 GMT | INFO  | Server is running on port: 3000
Wed, 30 Sep 2020 06:01:03 GMT | INFO  | Connected to database
Wed, 30 Sep 2020 06:05:01 GMT | INFO  | Server is running on port: 3000
Wed, 30 Sep 2020 06:05:01 GMT | INFO  | Connected to database
Wed, 30 Sep 2020 06:11:24 GMT | INFO  | Server is running on port: 3000
Wed, 30 Sep 2020 06:11:24 GMT | INFO  | Connected to database
Wed, 30 Sep 2020 06:28:28 GMT | INFO  | Server is running on port: 3000
Wed, 30 Sep 2020 06:28:28 GMT | INFO  | Connected to database
Wed, 30 Sep 2020 06:28:57 GMT | INFO  | Server is running on port: 3000
Wed, 30 Sep 2020 06:28:57 GMT | INFO  | Connected to database
Wed, 30 Sep 2020 06:29:00 GMT | INFO  | Server is running on port: 3000
Wed, 30 Sep 2020 06:29:00 GMT | INFO  | Connected to database
Wed, 30 Sep 2020 06:32:24 GMT | INFO  | Server is running on port: 3000
Wed, 30 Sep 2020 06:32:24 GMT | INFO  | Connected to database
Wed, 30 Sep 2020 06:36:29 GMT | INFO  | Server is running on port: 3000
Wed, 30 Sep 2020 06:36:29 GMT | INFO  | Connected to database
Wed, 30 Sep 2020 06:39:38 GMT | INFO  | Server is running on port: 3000
Wed, 30 Sep 2020 06:39:38 GMT | INFO  | Connected to database
Wed, 30 Sep 2020 06:42:03 GMT | INFO  | Server is running on port: 3000
Wed, 30 Sep 2020 06:42:03 GMT | INFO  | Connected to database
Wed, 30 Sep 2020 06:42:08 GMT | INFO  | Server is running on port: 3000
Wed, 30 Sep 2020 06:42:08 GMT | INFO  | Connected to database
Wed, 30 Sep 2020 06:42:11 GMT | INFO  | Server is running on port: 3000
Wed, 30 Sep 2020 06:42:11 GMT | INFO  | Connected to database
Wed, 30 Sep 2020 06:42:14 GMT | INFO  | Server is running on port: 3000
Wed, 30 Sep 2020 06:42:14 GMT | INFO  | Connected to database
Wed, 30 Sep 2020 06:50:34 GMT | INFO  | Server is running on port: 3000
Wed, 30 Sep 2020 06:50:34 GMT | INFO  | Connected to database
Wed, 30 Sep 2020 06:51:24 GMT | INFO  | Server is running on port: 3000
Wed, 30 Sep 2020 06:51:24 GMT | INFO  | Connected to database
Wed, 30 Sep 2020 06:51:26 GMT | INFO  | Server is running on port: 3000
Wed, 30 Sep 2020 06:51:26 GMT | INFO  | Connected to database
Wed, 30 Sep 2020 06:51:28 GMT | INFO  | Server is running on port: 3000
Wed, 30 Sep 2020 06:51:28 GMT | INFO  | Connected to database
Wed, 30 Sep 2020 06:53:51 GMT | INFO  | Server is running on port: 3000
Wed, 30 Sep 2020 06:53:51 GMT | INFO  | Connected to database
Wed, 30 Sep 2020 06:56:35 GMT | INFO  | Server is running on port: 3000
Wed, 30 Sep 2020 06:56:35 GMT | INFO  | Connected to database
Wed, 30 Sep 2020 06:56:55 GMT | INFO  | Server is running on port: 3000
Wed, 30 Sep 2020 06:56:55 GMT | INFO  | Connected to database
Wed, 30 Sep 2020 06:56:57 GMT | INFO  | Server is running on port: 3000
Wed, 30 Sep 2020 06:56:57 GMT | INFO  | Connected to database
Wed, 30 Sep 2020 06:57:42 GMT | INFO  | Server is running on port: 3000
Wed, 30 Sep 2020 06:57:42 GMT | INFO  | Connected to database
Wed, 30 Sep 2020 06:58:22 GMT | INFO  | Server is running on port: 3000
Wed, 30 Sep 2020 06:58:22 GMT | INFO  | Connected to database
Wed, 30 Sep 2020 07:00:30 GMT | INFO  | Server is running on port: 3000
Wed, 30 Sep 2020 07:00:30 GMT | INFO  | Connected to database
Wed, 30 Sep 2020 07:00:33 GMT | INFO  | Server is running on port: 3000
Wed, 30 Sep 2020 07:00:33 GMT | INFO  | Connected to database
Wed, 30 Sep 2020 07:02:16 GMT | INFO  | Server is running on port: 3000
Wed, 30 Sep 2020 07:02:16 GMT | INFO  | Connected to database
Wed, 30 Sep 2020 07:13:01 GMT | INFO  | Server is running on port: 3000
Wed, 30 Sep 2020 07:13:01 GMT | INFO  | Connected to database
Wed, 30 Sep 2020 07:13:11 GMT | INFO  | Server is running on port: 3000
Wed, 30 Sep 2020 07:13:11 GMT | INFO  | Connected to database
Wed, 30 Sep 2020 07:13:22 GMT | INFO  | Server is running on port: 3000
Wed, 30 Sep 2020 07:13:23 GMT | INFO  | Connected to database
Wed, 30 Sep 2020 07:13:31 GMT | INFO  | Server is running on port: 3000
Wed, 30 Sep 2020 07:13:31 GMT | INFO  | Connected to database
Wed, 30 Sep 2020 07:13:37 GMT | INFO  | Server is running on port: 3000
Wed, 30 Sep 2020 07:13:37 GMT | INFO  | Connected to database
Wed, 30 Sep 2020 07:13:50 GMT | INFO  | Server is running on port: 3000
Wed, 30 Sep 2020 07:13:50 GMT | INFO  | Connected to database
Wed, 30 Sep 2020 07:13:57 GMT | INFO  | Server is running on port: 3000
Wed, 30 Sep 2020 07:13:57 GMT | INFO  | Connected to database
Wed, 30 Sep 2020 07:14:30 GMT | INFO  | Server is running on port: 3000
Wed, 30 Sep 2020 07:14:30 GMT | INFO  | Connected to database
Wed, 30 Sep 2020 07:21:46 GMT | INFO  | Server is running on port: 3000
Wed, 30 Sep 2020 07:21:46 GMT | INFO  | Connected to database
Wed, 30 Sep 2020 07:21:48 GMT | INFO  | Server is running on port: 3000
Wed, 30 Sep 2020 07:21:48 GMT | INFO  | Connected to database
Wed, 30 Sep 2020 07:21:51 GMT | INFO  | Server is running on port: 3000
Wed, 30 Sep 2020 07:21:51 GMT | INFO  | Connected to database
Wed, 30 Sep 2020 07:34:28 GMT | INFO  | Server is running on port: 3000
Wed, 30 Sep 2020 07:34:28 GMT | INFO  | Connected to database
Wed, 30 Sep 2020 07:34:57 GMT | INFO  | Server is running on port: 3000
Wed, 30 Sep 2020 07:34:57 GMT | INFO  | Connected to database
Wed, 30 Sep 2020 07:34:59 GMT | INFO  | Server is running on port: 3000
Wed, 30 Sep 2020 07:34:59 GMT | INFO  | Connected to database
Wed, 30 Sep 2020 07:35:02 GMT | INFO  | Server is running on port: 3000
Wed, 30 Sep 2020 07:35:02 GMT | INFO  | Connected to database
Wed, 30 Sep 2020 07:35:05 GMT | INFO  | Server is running on port: 3000
Wed, 30 Sep 2020 07:35:05 GMT | INFO  | Connected to database
Wed, 30 Sep 2020 07:35:06 GMT | INFO  | Server is running on port: 3000
Wed, 30 Sep 2020 07:35:06 GMT | INFO  | Connected to database
Wed, 30 Sep 2020 07:35:08 GMT | INFO  | Server is running on port: 3000
Wed, 30 Sep 2020 07:35:08 GMT | INFO  | Connected to database
Wed, 30 Sep 2020 07:35:13 GMT | INFO  | Server is running on port: 3000
Wed, 30 Sep 2020 07:35:13 GMT | INFO  | Connected to database
Wed, 30 Sep 2020 07:35:16 GMT | INFO  | Server is running on port: 3000
Wed, 30 Sep 2020 07:35:16 GMT | INFO  | Connected to database
Wed, 30 Sep 2020 07:38:33 GMT | INFO  | Server is running on port: 3000
Wed, 30 Sep 2020 07:38:33 GMT | INFO  | Connected to database
Wed, 30 Sep 2020 07:41:27 GMT | INFO  | Server is running on port: 3000
Wed, 30 Sep 2020 07:41:27 GMT | INFO  | Connected to database
Wed, 30 Sep 2020 07:43:00 GMT | INFO  | Server is running on port: 3000
Wed, 30 Sep 2020 07:43:00 GMT | INFO  | Connected to database
Wed, 30 Sep 2020 07:43:37 GMT | INFO  | Server is running on port: 3000
Wed, 30 Sep 2020 07:43:37 GMT | INFO  | Connected to database
Wed, 30 Sep 2020 07:44:46 GMT | INFO  | Server is running on port: 3000
Wed, 30 Sep 2020 07:44:46 GMT | INFO  | Connected to database
Wed, 30 Sep 2020 07:56:11 GMT | INFO  | Server is running on port: 3000
Wed, 30 Sep 2020 07:56:11 GMT | INFO  | Connected to database
Wed, 30 Sep 2020 07:57:48 GMT | INFO  | Server is running on port: 3000
Wed, 30 Sep 2020 07:57:48 GMT | INFO  | Connected to database
Wed, 30 Sep 2020 08:07:04 GMT | INFO  | Server is running on port: 3000
Wed, 30 Sep 2020 08:07:04 GMT | INFO  | Connected to database
Wed, 30 Sep 2020 08:26:07 GMT | INFO  | Server is running on port: 3000
Wed, 30 Sep 2020 08:26:07 GMT | INFO  | Connected to database
Wed, 30 Sep 2020 08:27:32 GMT | INFO  | Server is running on port: 3000
Wed, 30 Sep 2020 08:27:32 GMT | INFO  | Connected to database
Wed, 30 Sep 2020 08:31:51 GMT | INFO  | Server is running on port: 3000
Wed, 30 Sep 2020 08:31:51 GMT | INFO  | Connected to database
Wed, 30 Sep 2020 09:05:42 GMT | INFO  | Server is running on port: 3000
Wed, 30 Sep 2020 09:05:42 GMT | INFO  | Connected to database
Wed, 30 Sep 2020 09:09:05 GMT | INFO  | Server is running on port: 3000
Wed, 30 Sep 2020 09:09:05 GMT | INFO  | Connected to database
Wed, 30 Sep 2020 09:10:22 GMT | INFO  | Server is running on port: 3000
Wed, 30 Sep 2020 09:10:22 GMT | INFO  | Connected to database
Wed, 30 Sep 2020 09:13:22 GMT | INFO  | Server is running on port: 3000
Wed, 30 Sep 2020 09:13:22 GMT | INFO  | Connected to database
Wed, 30 Sep 2020 09:14:26 GMT | INFO  | Server is running on port: 3000
Wed, 30 Sep 2020 09:14:26 GMT | INFO  | Connected to database
Wed, 30 Sep 2020 09:17:50 GMT | INFO  | Server is running on port: 3000
Wed, 30 Sep 2020 09:17:50 GMT | INFO  | Connected to database
Wed, 30 Sep 2020 09:20:19 GMT | INFO  | Server is running on port: 3000
Wed, 30 Sep 2020 09:20:19 GMT | INFO  | Connected to database
Wed, 30 Sep 2020 09:21:49 GMT | INFO  | Server is running on port: 3000
Wed, 30 Sep 2020 09:21:49 GMT | INFO  | Connected to database
Wed, 30 Sep 2020 09:24:51 GMT | INFO  | Server is running on port: 3000
Wed, 30 Sep 2020 09:24:51 GMT | INFO  | Connected to database
Wed, 30 Sep 2020 09:25:20 GMT | INFO  | Server is running on port: 3000
Wed, 30 Sep 2020 09:25:20 GMT | INFO  | Connected to database
Wed, 30 Sep 2020 09:28:22 GMT | INFO  | Server is running on port: 3000
Wed, 30 Sep 2020 09:28:22 GMT | INFO  | Connected to database
Wed, 30 Sep 2020 09:32:18 GMT | INFO  | Server is running on port: 3000
Wed, 30 Sep 2020 09:32:18 GMT | INFO  | Connected to database
Wed, 30 Sep 2020 09:32:52 GMT | INFO  | Server is running on port: 3000
Wed, 30 Sep 2020 09:32:52 GMT | INFO  | Connected to database
Wed, 30 Sep 2020 09:32:57 GMT | INFO  | Server is running on port: 3000
Wed, 30 Sep 2020 09:32:57 GMT | INFO  | Connected to database
Wed, 30 Sep 2020 09:49:45 GMT | INFO  | Server is running on port: 3000
Wed, 30 Sep 2020 09:49:45 GMT | INFO  | Connected to database
Wed, 30 Sep 2020 09:53:24 GMT | INFO  | Server is running on port: 3000
Wed, 30 Sep 2020 09:53:24 GMT | INFO  | Connected to database
Wed, 30 Sep 2020 09:53:50 GMT | INFO  | Server is running on port: 3000
Wed, 30 Sep 2020 09:53:50 GMT | INFO  | Connected to database
Wed, 30 Sep 2020 09:54:03 GMT | INFO  | Server is running on port: 3000
Wed, 30 Sep 2020 09:54:03 GMT | INFO  | Connected to database
Wed, 30 Sep 2020 09:54:31 GMT | INFO  | Server is running on port: 3000
Wed, 30 Sep 2020 09:54:31 GMT | INFO  | Connected to database
Wed, 30 Sep 2020 09:54:49 GMT | INFO  | Server is running on port: 3000
Wed, 30 Sep 2020 09:54:49 GMT | INFO  | Connected to database
Wed, 30 Sep 2020 09:56:48 GMT | INFO  | Server is running on port: 3000
Wed, 30 Sep 2020 09:56:48 GMT | INFO  | Connected to database
Wed, 30 Sep 2020 09:56:58 GMT | INFO  | Server is running on port: 3000
Wed, 30 Sep 2020 09:56:58 GMT | INFO  | Connected to database
Wed, 30 Sep 2020 09:57:00 GMT | INFO  | Server is running on port: 3000
Wed, 30 Sep 2020 09:57:01 GMT | INFO  | Connected to database
Wed, 30 Sep 2020 09:57:06 GMT | INFO  | Server is running on port: 3000
Wed, 30 Sep 2020 09:57:06 GMT | INFO  | Connected to database
Wed, 30 Sep 2020 09:57:45 GMT | INFO  | Server is running on port: 3000
Wed, 30 Sep 2020 09:57:45 GMT | INFO  | Connected to database
Thu, 01 Oct 2020 12:46:56 GMT | INFO  | Server is running on port: 3000
Thu, 01 Oct 2020 12:46:56 GMT | INFO  | Connected to database
Thu, 01 Oct 2020 12:56:04 GMT | INFO  | Server is running on port: 3000
Thu, 01 Oct 2020 12:56:04 GMT | INFO  | Connected to database
Thu, 01 Oct 2020 12:56:47 GMT | INFO  | Server is running on port: 3000
Thu, 01 Oct 2020 12:56:47 GMT | INFO  | Connected to database
Thu, 01 Oct 2020 12:58:10 GMT | INFO  | Server is running on port: 3000
Thu, 01 Oct 2020 12:58:10 GMT | INFO  | Connected to database
Thu, 01 Oct 2020 12:58:13 GMT | INFO  | Server is running on port: 3000
Thu, 01 Oct 2020 12:58:13 GMT | INFO  | Connected to database
Thu, 01 Oct 2020 12:58:19 GMT | INFO  | Server is running on port: 3000
Thu, 01 Oct 2020 12:58:19 GMT | INFO  | Connected to database
Thu, 01 Oct 2020 13:19:45 GMT | INFO  | Server is running on port: 3000
Thu, 01 Oct 2020 13:19:45 GMT | INFO  | Connected to database
Thu, 01 Oct 2020 13:20:24 GMT | INFO  | Server is running on port: 3000
Thu, 01 Oct 2020 13:20:24 GMT | INFO  | Connected to database
Thu, 01 Oct 2020 13:23:30 GMT | INFO  | Server is running on port: 3000
Thu, 01 Oct 2020 13:23:30 GMT | INFO  | Connected to database
Thu, 01 Oct 2020 13:23:32 GMT | INFO  | Server is running on port: 3000
Thu, 01 Oct 2020 13:23:32 GMT | INFO  | Connected to database
Thu, 01 Oct 2020 13:24:59 GMT | INFO  | Server is running on port: 3000
Thu, 01 Oct 2020 13:24:59 GMT | INFO  | Connected to database
Thu, 01 Oct 2020 13:27:36 GMT | INFO  | Server is running on port: 3000
Thu, 01 Oct 2020 13:27:36 GMT | INFO  | Connected to database
Thu, 01 Oct 2020 13:28:28 GMT | INFO  | Server is running on port: 3000
Thu, 01 Oct 2020 13:28:28 GMT | INFO  | Connected to database
Thu, 01 Oct 2020 13:31:19 GMT | INFO  | Server is running on port: 3000
Thu, 01 Oct 2020 13:31:19 GMT | INFO  | Connected to database
Thu, 01 Oct 2020 13:31:34 GMT | INFO  | Server is running on port: 3000
Thu, 01 Oct 2020 13:31:34 GMT | INFO  | Connected to database
Thu, 01 Oct 2020 13:32:22 GMT | INFO  | Server is running on port: 3000
Thu, 01 Oct 2020 13:32:22 GMT | INFO  | Connected to database
Thu, 01 Oct 2020 13:32:37 GMT | INFO  | Server is running on port: 3000
Thu, 01 Oct 2020 13:32:37 GMT | INFO  | Connected to database
Thu, 01 Oct 2020 13:36:33 GMT | INFO  | Server is running on port: 3000
Thu, 01 Oct 2020 13:36:33 GMT | INFO  | Connected to database
Thu, 01 Oct 2020 13:36:35 GMT | INFO  | Server is running on port: 3000
Thu, 01 Oct 2020 13:36:35 GMT | INFO  | Connected to database
Thu, 01 Oct 2020 13:36:52 GMT | INFO  | Server is running on port: 3000
Thu, 01 Oct 2020 13:36:52 GMT | INFO  | Connected to database
Thu, 01 Oct 2020 13:45:53 GMT | INFO  | Server is running on port: 3000
Thu, 01 Oct 2020 13:45:53 GMT | INFO  | Connected to database
Thu, 01 Oct 2020 13:46:34 GMT | INFO  | Server is running on port: 3000
Thu, 01 Oct 2020 13:46:34 GMT | INFO  | Connected to database
Thu, 01 Oct 2020 13:46:54 GMT | INFO  | Server is running on port: 3000
Thu, 01 Oct 2020 13:46:54 GMT | INFO  | Connected to database
Thu, 01 Oct 2020 13:47:17 GMT | INFO  | Server is running on port: 3000
Thu, 01 Oct 2020 13:47:17 GMT | INFO  | Connected to database
Thu, 01 Oct 2020 13:47:26 GMT | INFO  | Server is running on port: 3000
Thu, 01 Oct 2020 13:47:26 GMT | INFO  | Connected to database
Thu, 01 Oct 2020 13:50:08 GMT | INFO  | Server is running on port: 3000
Thu, 01 Oct 2020 13:50:08 GMT | INFO  | Connected to database
Thu, 01 Oct 2020 13:52:34 GMT | INFO  | Server is running on port: 3000
Thu, 01 Oct 2020 13:52:34 GMT | INFO  | Connected to database
Thu, 01 Oct 2020 13:52:50 GMT | INFO  | Server is running on port: 3000
Thu, 01 Oct 2020 13:52:50 GMT | INFO  | Connected to database
Thu, 01 Oct 2020 13:53:06 GMT | INFO  | Server is running on port: 3000
Thu, 01 Oct 2020 13:53:06 GMT | INFO  | Connected to database
Thu, 01 Oct 2020 13:53:18 GMT | INFO  | Server is running on port: 3000
Thu, 01 Oct 2020 13:53:19 GMT | INFO  | Connected to database
Thu, 01 Oct 2020 13:53:37 GMT | INFO  | Server is running on port: 3000
Thu, 01 Oct 2020 13:53:37 GMT | INFO  | Connected to database
Thu, 01 Oct 2020 13:54:30 GMT | INFO  | Server is running on port: 3000
Thu, 01 Oct 2020 13:54:30 GMT | INFO  | Connected to database
Thu, 01 Oct 2020 13:54:44 GMT | INFO  | Server is running on port: 3000
Thu, 01 Oct 2020 13:54:44 GMT | INFO  | Connected to database
Thu, 01 Oct 2020 13:55:49 GMT | INFO  | Server is running on port: 3000
Thu, 01 Oct 2020 13:55:49 GMT | INFO  | Connected to database
Thu, 01 Oct 2020 13:55:59 GMT | INFO  | Server is running on port: 3000
Thu, 01 Oct 2020 13:55:59 GMT | INFO  | Connected to database
Thu, 01 Oct 2020 13:56:08 GMT | INFO  | Server is running on port: 3000
Thu, 01 Oct 2020 13:56:08 GMT | INFO  | Connected to database
Thu, 01 Oct 2020 14:07:37 GMT | INFO  | Server is running on port: 3000
Thu, 01 Oct 2020 14:07:37 GMT | INFO  | Connected to database
Thu, 01 Oct 2020 14:10:26 GMT | INFO  | Server is running on port: 3000
Thu, 01 Oct 2020 14:10:26 GMT | INFO  | Connected to database
Thu, 01 Oct 2020 16:23:15 GMT | INFO  | Server is running on port: 3000
Thu, 01 Oct 2020 16:23:15 GMT | INFO  | Connected to database
Thu, 01 Oct 2020 16:24:04 GMT | INFO  | Server is running on port: 3000
Thu, 01 Oct 2020 16:24:04 GMT | INFO  | Connected to database
Thu, 01 Oct 2020 16:24:08 GMT | INFO  | Server is running on port: 3000
Thu, 01 Oct 2020 16:24:08 GMT | INFO  | Connected to database
Thu, 01 Oct 2020 16:24:09 GMT | INFO  | Server is running on port: 3000
Thu, 01 Oct 2020 16:24:09 GMT | INFO  | Connected to database
Thu, 01 Oct 2020 16:24:18 GMT | INFO  | Server is running on port: 3000
Thu, 01 Oct 2020 16:24:18 GMT | INFO  | Connected to database
Thu, 01 Oct 2020 16:24:37 GMT | INFO  | Server is running on port: 3000
Thu, 01 Oct 2020 16:24:37 GMT | INFO  | Connected to database
Thu, 01 Oct 2020 16:25:05 GMT | INFO  | Server is running on port: 3000
Thu, 01 Oct 2020 16:25:05 GMT | INFO  | Connected to database
Thu, 01 Oct 2020 16:25:21 GMT | INFO  | Server is running on port: 3000
Thu, 01 Oct 2020 16:25:21 GMT | INFO  | Connected to database
Thu, 01 Oct 2020 16:29:01 GMT | INFO  | Server is running on port: 3000
Thu, 01 Oct 2020 16:29:01 GMT | INFO  | Connected to database
Thu, 01 Oct 2020 16:30:15 GMT | INFO  | Server is running on port: 3000
Thu, 01 Oct 2020 16:30:15 GMT | INFO  | Connected to database
Thu, 01 Oct 2020 16:30:23 GMT | INFO  | Server is running on port: 3000
Thu, 01 Oct 2020 16:30:23 GMT | INFO  | Connected to database
Thu, 01 Oct 2020 16:32:20 GMT | INFO  | Server is running on port: 3000
Thu, 01 Oct 2020 16:32:20 GMT | INFO  | Connected to database
Thu, 01 Oct 2020 16:32:41 GMT | INFO  | Server is running on port: 3000
Thu, 01 Oct 2020 16:32:41 GMT | INFO  | Connected to database
Thu, 01 Oct 2020 16:32:50 GMT | INFO  | Server is running on port: 3000
Thu, 01 Oct 2020 16:32:50 GMT | INFO  | Connected to database
Thu, 01 Oct 2020 16:33:06 GMT | INFO  | Server is running on port: 3000
Thu, 01 Oct 2020 16:33:06 GMT | INFO  | Connected to database
Thu, 01 Oct 2020 16:37:01 GMT | INFO  | Server is running on port: 3000
Thu, 01 Oct 2020 16:37:01 GMT | INFO  | Connected to database
Thu, 01 Oct 2020 16:37:06 GMT | INFO  | Server is running on port: 3000
Thu, 01 Oct 2020 16:37:06 GMT | INFO  | Connected to database
Thu, 01 Oct 2020 16:37:09 GMT | INFO  | Server is running on port: 3000
Thu, 01 Oct 2020 16:37:09 GMT | INFO  | Connected to database
